<<<<<<< HEAD
﻿Build started 07/19/2019 10:15:44 ص.
     1>Project "C:\Users\latif\OneDrive\سطح المكتب\sticky\Sticky-Notes\Sticky Notes\Sticky Notes\Sticky Notes.vcxproj" on node 2 (Build target(s)).
=======
﻿Build started 7/18/2019 11:58:32 PM.
     1>Project "C:\Users\Deema\Desktop\Sticky-Notes\Sticky Notes\Sticky Notes\Sticky Notes.vcxproj" on node 2 (ClCompile target(s)).
>>>>>>> 195b719d1c37b091bf369660e05a2bd0710928cc
     1>ClCompile:
         C:\Program Files (x86)\Microsoft Visual Studio 11.0\VC\bin\CL.exe /c /ZI /nologo /W3 /WX- /Od /Oy- /D _MBCS /Gm /EHsc /RTC1 /MDd /GS /fp:precise /Zc:wchar_t /Zc:forScope /Fo"Debug\\" /Fd"Debug\vc110.pdb" /Gd /TP /analyze- /errorReport:prompt main.cpp
         Skipping... (no relevant changes detected)
         main.cpp
<<<<<<< HEAD
       Link:
         C:\Program Files (x86)\Microsoft Visual Studio 11.0\VC\bin\link.exe /ERRORREPORT:PROMPT /OUT:"C:\Users\latif\OneDrive\سطح المكتب\sticky\Sticky-Notes\Sticky Notes\Debug\Sticky Notes.exe" /INCREMENTAL /NOLOGO kernel32.lib user32.lib gdi32.lib winspool.lib comdlg32.lib advapi32.lib shell32.lib ole32.lib oleaut32.lib uuid.lib odbc32.lib odbccp32.lib /MANIFEST /MANIFESTUAC:"level='asInvoker' uiAccess='false'" /manifest:embed /DEBUG /PDB:"C:\Users\latif\OneDrive\سطح المكتب\sticky\Sticky-Notes\Sticky Notes\Debug\Sticky Notes.pdb" /TLBID:1 /DYNAMICBASE /NXCOMPAT /IMPLIB:"C:\Users\latif\OneDrive\سطح المكتب\sticky\Sticky-Notes\Sticky Notes\Debug\Sticky Notes.lib" /MACHINE:X86 Debug\main.obj
         Sticky Notes.vcxproj -> C:\Users\latif\OneDrive\سطح المكتب\sticky\Sticky-Notes\Sticky Notes\Debug\Sticky Notes.exe
     1>Done Building Project "C:\Users\latif\OneDrive\سطح المكتب\sticky\Sticky-Notes\Sticky Notes\Sticky Notes\Sticky Notes.vcxproj" (Build target(s)).

Build succeeded.

Time Elapsed 00:00:03.15
=======
     1>Done Building Project "C:\Users\Deema\Desktop\Sticky-Notes\Sticky Notes\Sticky Notes\Sticky Notes.vcxproj" (ClCompile target(s)).

Build succeeded.

Time Elapsed 00:00:00.11
>>>>>>> 195b719d1c37b091bf369660e05a2bd0710928cc
